<?xml version="1.0" encoding="UTF-8"?>
<testsuite name="ch.uzh.ifi.hase.soprafs21.rest.mapper.DTOMapperTest" tests="2" skipped="0" failures="0" errors="0" timestamp="2021-03-11T07:59:42" hostname="SURFACE-7-SK" time="0.003">
  <properties/>
  <testcase name="testCreateUser_fromUserPostDTO_toUser_success()" classname="ch.uzh.ifi.hase.soprafs21.rest.mapper.DTOMapperTest" time="0.001"/>
  <testcase name="testGetUser_fromUser_toUserGetDTO_success()" classname="ch.uzh.ifi.hase.soprafs21.rest.mapper.DTOMapperTest" time="0.001"/>
  <system-out><![CDATA[]]></system-out>
  <system-err><![CDATA[]]></system-err>
</testsuite>
