<?xml version="1.0" encoding="UTF-8"?>
<testsuite name="ch.uzh.ifi.hase.soprafs21.service.UserServiceIntegrationTest" tests="2" skipped="0" failures="0" errors="0" timestamp="2021-03-11T07:59:44" hostname="SURFACE-7-SK" time="0.185">
  <properties/>
  <testcase name="createUser_validInputs_success()" classname="ch.uzh.ifi.hase.soprafs21.service.UserServiceIntegrationTest" time="0.117"/>
  <testcase name="createUser_duplicateUsername_throwsException()" classname="ch.uzh.ifi.hase.soprafs21.service.UserServiceIntegrationTest" time="0.066"/>
  <system-out><![CDATA[2021-03-11 08:59:42.828  INFO 9308 --- [    Test worker] .b.t.c.SpringBootTestContextBootstrapper : Neither @ContextConfiguration nor @ContextHierarchy found for test class [ch.uzh.ifi.hase.soprafs21.service.UserServiceIntegrationTest], using SpringBootContextLoader
2021-03-11 08:59:42.828  INFO 9308 --- [    Test worker] o.s.t.c.support.AbstractContextLoader    : Could not detect default resource locations for test class [ch.uzh.ifi.hase.soprafs21.service.UserServiceIntegrationTest]: no resource found for suffixes {-context.xml, Context.groovy}.
2021-03-11 08:59:42.828  INFO 9308 --- [    Test worker] t.c.s.AnnotationConfigContextLoaderUtils : Could not detect default configuration classes for test class [ch.uzh.ifi.hase.soprafs21.service.UserServiceIntegrationTest]: UserServiceIntegrationTest does not declare any static, non-private, non-final, nested classes annotated with @Configuration.
2021-03-11 08:59:42.845  INFO 9308 --- [    Test worker] .b.t.c.SpringBootTestContextBootstrapper : Found @SpringBootConfiguration ch.uzh.ifi.hase.soprafs21.Application for test class ch.uzh.ifi.hase.soprafs21.service.UserServiceIntegrationTest
2021-03-11 08:59:42.855  INFO 9308 --- [    Test worker] .b.t.c.SpringBootTestContextBootstrapper : Loaded default TestExecutionListener class names from location [META-INF/spring.factories]: [org.springframework.boot.test.autoconfigure.restdocs.RestDocsTestExecutionListener, org.springframework.boot.test.autoconfigure.web.client.MockRestServiceServerResetTestExecutionListener, org.springframework.boot.test.autoconfigure.web.servlet.MockMvcPrintOnlyOnFailureTestExecutionListener, org.springframework.boot.test.autoconfigure.web.servlet.WebDriverTestExecutionListener, org.springframework.boot.test.autoconfigure.webservices.client.MockWebServiceServerTestExecutionListener, org.springframework.boot.test.mock.mockito.MockitoTestExecutionListener, org.springframework.boot.test.mock.mockito.ResetMocksTestExecutionListener, org.springframework.test.context.web.ServletTestExecutionListener, org.springframework.test.context.support.DirtiesContextBeforeModesTestExecutionListener, org.springframework.test.context.event.ApplicationEventsTestExecutionListener, org.springframework.test.context.support.DependencyInjectionTestExecutionListener, org.springframework.test.context.support.DirtiesContextTestExecutionListener, org.springframework.test.context.transaction.TransactionalTestExecutionListener, org.springframework.test.context.jdbc.SqlScriptsTestExecutionListener, org.springframework.test.context.event.EventPublishingTestExecutionListener]
2021-03-11 08:59:42.855  INFO 9308 --- [    Test worker] .b.t.c.SpringBootTestContextBootstrapper : Using TestExecutionListeners: [org.springframework.test.context.web.ServletTestExecutionListener@158d65ee, org.springframework.test.context.support.DirtiesContextBeforeModesTestExecutionListener@68d71699, org.springframework.test.context.event.ApplicationEventsTestExecutionListener@1d3f2ae2, org.springframework.boot.test.mock.mockito.MockitoTestExecutionListener@5c75aade, org.springframework.boot.test.autoconfigure.SpringBootDependencyInjectionTestExecutionListener@22a916ab, org.springframework.test.context.support.DirtiesContextTestExecutionListener@721aafb9, org.springframework.test.context.transaction.TransactionalTestExecutionListener@1616e322, org.springframework.test.context.jdbc.SqlScriptsTestExecutionListener@67c48864, org.springframework.test.context.event.EventPublishingTestExecutionListener@db2d679, org.springframework.boot.test.autoconfigure.restdocs.RestDocsTestExecutionListener@2af2d711, org.springframework.boot.test.autoconfigure.web.client.MockRestServiceServerResetTestExecutionListener@bdc2e9e, org.springframework.boot.test.autoconfigure.web.servlet.MockMvcPrintOnlyOnFailureTestExecutionListener@48180029, org.springframework.boot.test.autoconfigure.web.servlet.WebDriverTestExecutionListener@5382164d, org.springframework.boot.test.autoconfigure.webservices.client.MockWebServiceServerTestExecutionListener@6f741973, org.springframework.boot.test.mock.mockito.ResetMocksTestExecutionListener@53662dd]

  .   ____          _            __ _ _
 /\\ / ___'_ __ _ _(_)_ __  __ _ \ \ \ \
( ( )\___ | '_ | '_| | '_ \/ _` | \ \ \ \
 \\/  ___)| |_)| | | | | || (_| |  ) ) ) )
  '  |____| .__|_| |_|_| |_\__, | / / / /
 =========|_|==============|___/=/_/_/_/
 :: Spring Boot ::                (v2.4.2)

2021-03-11 08:59:42.891  INFO 9308 --- [    Test worker] c.u.i.h.s.s.UserServiceIntegrationTest   : Starting UserServiceIntegrationTest using Java 15.0.2 on SURFACE-7-SK with PID 9308 (started by stefa in C:\Users\stefa\Documents\GitHub\SoPra_fs21_server)
2021-03-11 08:59:42.891  INFO 9308 --- [    Test worker] c.u.i.h.s.s.UserServiceIntegrationTest   : No active profile set, falling back to default profiles: default
2021-03-11 08:59:43.273  INFO 9308 --- [    Test worker] .s.d.r.c.RepositoryConfigurationDelegate : Bootstrapping Spring Data JPA repositories in DEFAULT mode.
2021-03-11 08:59:43.289  INFO 9308 --- [    Test worker] .s.d.r.c.RepositoryConfigurationDelegate : Finished Spring Data repository scanning in 19 ms. Found 1 JPA repository interfaces.
2021-03-11 08:59:43.561  INFO 9308 --- [    Test worker] com.zaxxer.hikari.HikariDataSource       : HikariPool-1 - Starting...
2021-03-11 08:59:43.609  INFO 9308 --- [    Test worker] com.zaxxer.hikari.HikariDataSource       : HikariPool-1 - Start completed.
2021-03-11 08:59:43.672  INFO 9308 --- [    Test worker] o.hibernate.jpa.internal.util.LogHelper  : HHH000204: Processing PersistenceUnitInfo [name: default]
2021-03-11 08:59:43.688  INFO 9308 --- [    Test worker] org.hibernate.dialect.Dialect            : HHH000400: Using dialect: org.hibernate.dialect.H2Dialect
2021-03-11 08:59:43.753  INFO 9308 --- [    Test worker] o.h.e.t.j.p.i.JtaPlatformInitiator       : HHH000490: Using JtaPlatform implementation: [org.hibernate.engine.transaction.jta.platform.internal.NoJtaPlatform]
2021-03-11 08:59:43.753  INFO 9308 --- [    Test worker] j.LocalContainerEntityManagerFactoryBean : Initialized JPA EntityManagerFactory for persistence unit 'default'
2021-03-11 08:59:44.171  WARN 9308 --- [    Test worker] JpaBaseConfiguration$JpaWebConfiguration : spring.jpa.open-in-view is enabled by default. Therefore, database queries may be performed during view rendering. Explicitly configure spring.jpa.open-in-view to disable this warning
2021-03-11 08:59:44.316  INFO 9308 --- [    Test worker] o.s.s.concurrent.ThreadPoolTaskExecutor  : Initializing ExecutorService 'applicationTaskExecutor'
2021-03-11 08:59:44.332  INFO 9308 --- [    Test worker] o.s.b.a.h2.H2ConsoleAutoConfiguration    : H2 console available at '/h2-console'. Database available at 'jdbc:h2:mem:testdb'
2021-03-11 08:59:44.684  INFO 9308 --- [    Test worker] c.u.i.h.s.s.UserServiceIntegrationTest   : Started UserServiceIntegrationTest in 1.828 seconds (JVM running for 14.913)
2021-03-11
2021-03-11
2021-03-11
]]></system-out>
  <system-err><![CDATA[]]></system-err>
</testsuite>
